<?xml version="1.0" encoding="UTF-8"?>
<testsuite xmlns:xsi="http://www.w3.org/2001/XMLSchema-instance" xsi:noNamespaceSchemaLocation="https://maven.apache.org/surefire/maven-surefire-plugin/xsd/surefire-test-report.xsd" name="com.atguigu.test.IOCTest" time="0.448" tests="4" errors="1" skipped="0" failures="0">
  <properties>
    <property name="sun.desktop" value="windows"/>
    <property name="awt.toolkit" value="sun.awt.windows.WToolkit"/>
    <property name="file.encoding.pkg" value="sun.io"/>
    <property name="java.specification.version" value="1.8"/>
    <property name="sun.cpu.isalist" value="amd64"/>
    <property name="sun.jnu.encoding" value="GBK"/>
    <property name="java.class.path" value="E:\baidu_download\java_workspace\spring_source_parsing_data\target\test-classes;E:\baidu_download\java_workspace\spring_source_parsing_data\target\classes;D:\Maven\org\springframework\spring-context\4.3.12.RELEASE\spring-context-4.3.12.RELEASE.jar;D:\Maven\org\springframework\spring-aop\4.3.12.RELEASE\spring-aop-4.3.12.RELEASE.jar;D:\Maven\org\springframework\spring-beans\4.3.12.RELEASE\spring-beans-4.3.12.RELEASE.jar;D:\Maven\org\springframework\spring-core\4.3.12.RELEASE\spring-core-4.3.12.RELEASE.jar;D:\Maven\commons-logging\commons-logging\1.2\commons-logging-1.2.jar;D:\Maven\org\springframework\spring-expression\4.3.12.RELEASE\spring-expression-4.3.12.RELEASE.jar;D:\Maven\org\springframework\spring-aspects\4.3.12.RELEASE\spring-aspects-4.3.12.RELEASE.jar;D:\Maven\org\aspectj\aspectjweaver\1.8.9\aspectjweaver-1.8.9.jar;D:\Maven\org\springframework\spring-jdbc\4.3.12.RELEASE\spring-jdbc-4.3.12.RELEASE.jar;D:\Maven\org\springframework\spring-tx\4.3.12.RELEASE\spring-tx-4.3.12.RELEASE.jar;D:\Maven\junit\junit\4.11\junit-4.11.jar;D:\Maven\org\hamcrest\hamcrest-core\1.3\hamcrest-core-1.3.jar;D:\Maven\javax\inject\javax.inject\1\javax.inject-1.jar;D:\Maven\com\mchange\c3p0\0.9.2\c3p0-0.9.2.jar;D:\Maven\com\mchange\mchange-commons-java\0.2.3.3\mchange-commons-java-0.2.3.3.jar;D:\Maven\mysql\mysql-connector-java\5.1.44\mysql-connector-java-5.1.44.jar;"/>
    <property name="java.vm.vendor" value="Oracle Corporation"/>
    <property name="sun.arch.data.model" value="64"/>
    <property name="user.variant" value=""/>
    <property name="java.vendor.url" value="http://java.oracle.com/"/>
    <property name="user.timezone" value="Asia/Shanghai"/>
    <property name="java.vm.specification.version" value="1.8"/>
    <property name="os.name" value="Windows 10"/>
    <property name="user.country" value="CN"/>
    <property name="sun.java.launcher" value="SUN_STANDARD"/>
    <property name="sun.boot.library.path" value="D:\Program Files\Java\jdk1.8.0_181\jre\bin"/>
    <property name="sun.java.command" value="C:\Users\ADMINI~1\AppData\Local\Temp\surefire5591865949554968263\surefirebooter4537118645592664195.jar C:\Users\Administrator\AppData\Local\Temp\surefire5591865949554968263 2020-06-11T16-43-06_981-jvmRun1 surefire272260863059158352tmp surefire_03370095830627751390tmp"/>
    <property name="surefire.test.class.path" value="E:\baidu_download\java_workspace\spring_source_parsing_data\target\test-classes;E:\baidu_download\java_workspace\spring_source_parsing_data\target\classes;D:\Maven\org\springframework\spring-context\4.3.12.RELEASE\spring-context-4.3.12.RELEASE.jar;D:\Maven\org\springframework\spring-aop\4.3.12.RELEASE\spring-aop-4.3.12.RELEASE.jar;D:\Maven\org\springframework\spring-beans\4.3.12.RELEASE\spring-beans-4.3.12.RELEASE.jar;D:\Maven\org\springframework\spring-core\4.3.12.RELEASE\spring-core-4.3.12.RELEASE.jar;D:\Maven\commons-logging\commons-logging\1.2\commons-logging-1.2.jar;D:\Maven\org\springframework\spring-expression\4.3.12.RELEASE\spring-expression-4.3.12.RELEASE.jar;D:\Maven\org\springframework\spring-aspects\4.3.12.RELEASE\spring-aspects-4.3.12.RELEASE.jar;D:\Maven\org\aspectj\aspectjweaver\1.8.9\aspectjweaver-1.8.9.jar;D:\Maven\org\springframework\spring-jdbc\4.3.12.RELEASE\spring-jdbc-4.3.12.RELEASE.jar;D:\Maven\org\springframework\spring-tx\4.3.12.RELEASE\spring-tx-4.3.12.RELEASE.jar;D:\Maven\junit\junit\4.11\junit-4.11.jar;D:\Maven\org\hamcrest\hamcrest-core\1.3\hamcrest-core-1.3.jar;D:\Maven\javax\inject\javax.inject\1\javax.inject-1.jar;D:\Maven\com\mchange\c3p0\0.9.2\c3p0-0.9.2.jar;D:\Maven\com\mchange\mchange-commons-java\0.2.3.3\mchange-commons-java-0.2.3.3.jar;D:\Maven\mysql\mysql-connector-java\5.1.44\mysql-connector-java-5.1.44.jar;"/>
    <property name="sun.cpu.endian" value="little"/>
    <property name="user.home" value="C:\Users\Administrator"/>
    <property name="user.language" value="zh"/>
    <property name="java.specification.vendor" value="Oracle Corporation"/>
    <property name="java.home" value="D:\Program Files\Java\jdk1.8.0_181\jre"/>
    <property name="basedir" value="E:\baidu_download\java_workspace\spring_source_parsing_data"/>
    <property name="file.separator" value="\"/>
    <property name="line.separator" value="&#10;"/>
    <property name="java.vm.specification.vendor" value="Oracle Corporation"/>
    <property name="java.specification.name" value="Java Platform API Specification"/>
    <property name="java.awt.graphicsenv" value="sun.awt.Win32GraphicsEnvironment"/>
    <property name="surefire.real.class.path" value="C:\Users\ADMINI~1\AppData\Local\Temp\surefire5591865949554968263\surefirebooter4537118645592664195.jar"/>
    <property name="sun.boot.class.path" value="D:\Program Files\Java\jdk1.8.0_181\jre\lib\resources.jar;D:\Program Files\Java\jdk1.8.0_181\jre\lib\rt.jar;D:\Program Files\Java\jdk1.8.0_181\jre\lib\sunrsasign.jar;D:\Program Files\Java\jdk1.8.0_181\jre\lib\jsse.jar;D:\Program Files\Java\jdk1.8.0_181\jre\lib\jce.jar;D:\Program Files\Java\jdk1.8.0_181\jre\lib\charsets.jar;D:\Program Files\Java\jdk1.8.0_181\jre\lib\jfr.jar;D:\Program Files\Java\jdk1.8.0_181\jre\classes"/>
    <property name="user.script" value=""/>
    <property name="sun.management.compiler" value="HotSpot 64-Bit Tiered Compilers"/>
    <property name="java.runtime.version" value="1.8.0_181-b13"/>
    <property name="user.name" value="Administrator"/>
    <property name="path.separator" value=";"/>
    <property name="os.version" value="10.0"/>
    <property name="java.endorsed.dirs" value="D:\Program Files\Java\jdk1.8.0_181\jre\lib\endorsed"/>
    <property name="java.runtime.name" value="Java(TM) SE Runtime Environment"/>
    <property name="file.encoding" value="GBK"/>
    <property name="java.vm.name" value="Java HotSpot(TM) 64-Bit Server VM"/>
    <property name="localRepository" value="D:\Maven"/>
    <property name="java.vendor.url.bug" value="http://bugreport.sun.com/bugreport/"/>
    <property name="java.io.tmpdir" value="C:\Users\ADMINI~1\AppData\Local\Temp\"/>
    <property name="java.version" value="1.8.0_181"/>
    <property name="user.dir" value="E:\baidu_download\java_workspace\spring_source_parsing_data"/>
    <property name="os.arch" value="amd64"/>
    <property name="java.vm.specification.name" value="Java Virtual Machine Specification"/>
    <property name="java.awt.printerjob" value="sun.awt.windows.WPrinterJob"/>
    <property name="sun.os.patch.level" value=""/>
    <property name="java.library.path" value="D:\Program Files\Java\jdk1.8.0_181\jre\bin;C:\WINDOWS\Sun\Java\bin;C:\WINDOWS\system32;C:\WINDOWS;D:\Program Files\Java\jdk1.8.0_181\bin;C:\WINDOWS\system32;C:\WINDOWS;C:\WINDOWS\System32\Wbem;C:\WINDOWS\System32\WindowsPowerShell\v1.0\;C:\WINDOWS\System32\OpenSSH\;C:\Program Files (x86)\NVIDIA Corporation\PhysX\Common;C:\Program Files\NVIDIA Corporation\NVIDIA NvDLISR;C:\Go\bin;D:\Program Files\nodejs\;D:\Program Files\Git\cmd;C:\Users\Administrator\AppData\Roaming\npm\node_modules\hexo-cli\bin;C:\Users\Administrator\AppData\Local\Microsoft\WindowsApps;D:\java\apache-maven-3.6.3\bin;D:\Program Files (x86)\Microsoft VS Code\bin;D:\cmder_full\Cmder.exe;;."/>
    <property name="java.vm.info" value="mixed mode"/>
    <property name="java.vendor" value="Oracle Corporation"/>
    <property name="java.vm.version" value="25.181-b13"/>
    <property name="java.ext.dirs" value="D:\Program Files\Java\jdk1.8.0_181\jre\lib\ext;C:\WINDOWS\Sun\Java\lib\ext"/>
    <property name="sun.io.unicode.encoding" value="UnicodeLittle"/>
    <property name="java.class.version" value="52.0"/>
  </properties>
  <testcase name="test01" classname="com.atguigu.test.IOCTest" time="0.22">
    <error message="Failed to parse configuration class [com.atguigu.config.MainConfig]; nested exception is org.springframework.context.annotation.ConflictingBeanDefinitionException: Annotation-specified bean name &apos;userService&apos; for bean class [com.atguigu.tx.UserService] conflicts with existing, non-compatible bean definition of same name and class [com.atguigu.ext.UserService]" type="org.springframework.beans.factory.BeanDefinitionStoreException">org.springframework.beans.factory.BeanDefinitionStoreException: Failed to parse configuration class [com.atguigu.config.MainConfig]; nested exception is org.springframework.context.annotation.ConflictingBeanDefinitionException: Annotation-specified bean name 'userService' for bean class [com.atguigu.tx.UserService] conflicts with existing, non-compatible bean definition of same name and class [com.atguigu.ext.UserService]
	at com.atguigu.test.IOCTest.test01(IOCTest.java:77)
Caused by: org.springframework.context.annotation.ConflictingBeanDefinitionException: Annotation-specified bean name 'userService' for bean class [com.atguigu.tx.UserService] conflicts with existing, non-compatible bean definition of same name and class [com.atguigu.ext.UserService]
	at com.atguigu.test.IOCTest.test01(IOCTest.java:77)
</error>
    <system-out><![CDATA[------>com.atguigu.test.IOCTest
------>com.atguigu.test.IOCTest_AOP
------>com.atguigu.test.IOCTest_AutoWired
------>com.atguigu.test.IOCTest_Ext$1
------>com.atguigu.test.IOCTest_Ext
------>com.atguigu.test.IOCTest_LifeCycle
------>com.atguigu.test.IOCTest_Profile
------>com.atguigu.test.IOCTest_PropertyValue
------>com.atguigu.test.IOCTest_Tx
------>com.atguigu.aop.LogAspects
------>com.atguigu.aop.MathCalculator
------>com.atguigu.App
------>com.atguigu.bean.Blue
------>com.atguigu.bean.Boss
------>com.atguigu.bean.Car
------>com.atguigu.bean.Cat
------>com.atguigu.bean.Color
------>com.atguigu.bean.ColorFactoryBean
------>com.atguigu.bean.Dog
------>com.atguigu.bean.MyBeanPostProcessor
------>com.atguigu.bean.Person
------>com.atguigu.bean.RainBow
------>com.atguigu.bean.Red
------>com.atguigu.bean.Yellow
------>com.atguigu.condition.LinuxCondition
------>com.atguigu.condition.MyImportBeanDefinitionRegistrar
------>com.atguigu.condition.MyImportSelector
------>com.atguigu.condition.WindowsCondition
------>com.atguigu.config.MainConfig2
------>com.atguigu.config.MainConfigOfAOP
------>com.atguigu.config.MainConfigOfAutowired
------>com.atguigu.config.MainConfigOfLifeCycle
------>com.atguigu.config.MainConfigOfProfile
------>com.atguigu.config.MainConfigOfPropertyValues
------>com.atguigu.config.MyTypeFilter
------>com.atguigu.controller.BookController
------>com.atguigu.dao.BookDao
------>com.atguigu.ext.ExtConfig
------>com.atguigu.ext.MyApplicationListener
------>com.atguigu.ext.MyBeanDefinitionRegistryPostProcessor
------>com.atguigu.ext.MyBeanFactoryPostProcessor
------>com.atguigu.ext.UserService
------>com.atguigu.service.BookService
------>com.atguigu.tx.TxConfig
------>com.atguigu.tx.UserDao
------>com.atguigu.tx.UserService
]]></system-out>
    <system-err><![CDATA[六月 11, 2020 4:43:07 下午 org.springframework.context.annotation.AnnotationConfigApplicationContext prepareRefresh
信息: Refreshing org.springframework.context.annotation.AnnotationConfigApplicationContext@28864e92: startup date [Thu Jun 11 16:43:07 CST 2020]; root of context hierarchy
六月 11, 2020 4:43:07 下午 org.springframework.context.annotation.AnnotationConfigApplicationContext refresh
警告: Exception encountered during context initialization - cancelling refresh attempt: org.springframework.beans.factory.BeanDefinitionStoreException: Failed to parse configuration class [com.atguigu.config.MainConfig]; nested exception is org.springframework.context.annotation.ConflictingBeanDefinitionException: Annotation-specified bean name 'userService' for bean class [com.atguigu.tx.UserService] conflicts with existing, non-compatible bean definition of same name and class [com.atguigu.ext.UserService]
]]></system-err>
  </testcase>
  <testcase name="test02" classname="com.atguigu.test.IOCTest" time="0.141"/>
  <testcase name="test03" classname="com.atguigu.test.IOCTest" time="0.028"/>
  <testcase name="testImport" classname="com.atguigu.test.IOCTest" time="0.043"/>
</testsuite>